<?xml version="1.0" encoding="UTF-8"?>
<testsuite name="tran.billy.code.challenge.HelpdeskAppTest" tests="11" skipped="0" failures="0" errors="0" timestamp="2021-08-19T09:02:54" hostname="Billys-Mac-mini.local" time="2.337">
  <properties/>
  <testcase name="shouldPrintSearchMenu_GoBack_Exit()" classname="tran.billy.code.challenge.HelpdeskAppTest" time="2.043"/>
  <testcase name="shouldFailInitAppConfig_ClassLoadingFailed()" classname="tran.billy.code.challenge.HelpdeskAppTest" time="0.009"/>
  <testcase name="shouldPrintInvalidInput()" classname="tran.billy.code.challenge.HelpdeskAppTest" time="0.004"/>
  <testcase name="shouldPrintUsage()" classname="tran.billy.code.challenge.HelpdeskAppTest" time="0.003"/>
  <testcase name="shouldCallSearchUsers_WithInput_GoBack_Exit()" classname="tran.billy.code.challenge.HelpdeskAppTest" time="0.059"/>
  <testcase name="shouldCallSearchOrganizations_WithInput_GoBack_Exit()" classname="tran.billy.code.challenge.HelpdeskAppTest" time="0.011"/>
  <testcase name="shouldFailInitAppConfig_InvalidConfigFile()" classname="tran.billy.code.challenge.HelpdeskAppTest" time="0.005"/>
  <testcase name="shouldPrintSearchMenu_InvalidInput_GoBack_Exit()" classname="tran.billy.code.challenge.HelpdeskAppTest" time="0.006"/>
  <testcase name="shouldCallSearchTickets_WithInput_GoBack_Exit()" classname="tran.billy.code.challenge.HelpdeskAppTest" time="0.106"/>
  <testcase name="shouldPrintHelp()" classname="tran.billy.code.challenge.HelpdeskAppTest" time="0.02"/>
  <testcase name="shouldPrintWelcomeThenExit()" classname="tran.billy.code.challenge.HelpdeskAppTest" time="0.005"/>
  <system-out><![CDATA[]]></system-out>
  <system-err><![CDATA[]]></system-err>
</testsuite>
