<?xml version="1.0" encoding="UTF-8"?>
<testsuite name="tran.billy.code.challenge.helper.StringHelperTest" tests="1" skipped="0" failures="0" errors="0" timestamp="2021-08-14T13:52:12" hostname="Billys-Mac-mini" time="0.031">
  <properties/>
  <testcase name="addRightPaddingTest()" classname="tran.billy.code.challenge.helper.StringHelperTest" time="0.031"/>
  <system-out><![CDATA[]]></system-out>
  <system-err><![CDATA[]]></system-err>
</testsuite>
