<?xml version="1.0" encoding="UTF-8"?>
<testsuite name="tran.billy.code.challenge.dao.UserDAOTest" tests="1" skipped="0" failures="0" errors="0" timestamp="2021-08-17T12:30:03" hostname="Billys-Mac-mini.local" time="4.02">
  <properties/>
  <testcase name="testSearchOrgByCriteria()" classname="tran.billy.code.challenge.dao.UserDAOTest" time="4.02"/>
  <system-out><![CDATA[]]></system-out>
  <system-err><![CDATA[]]></system-err>
</testsuite>
