<?xml version="1.0" encoding="UTF-8"?>
<testsuite name="tran.billy.code.challenge.helper.StringHelperTest" tests="4" skipped="0" failures="0" errors="0" timestamp="2021-09-04T13:59:33" hostname="Billys-Mac-mini" time="0.016">
  <properties/>
  <testcase name="testPrintKeyValue()" classname="tran.billy.code.challenge.helper.StringHelperTest" time="0.003"/>
  <testcase name="testAddRightPadding()" classname="tran.billy.code.challenge.helper.StringHelperTest" time="0.001"/>
  <testcase name="printListAsStringTest()" classname="tran.billy.code.challenge.helper.StringHelperTest" time="0.006"/>
  <testcase name="testAddLeftPadding()" classname="tran.billy.code.challenge.helper.StringHelperTest" time="0.001"/>
  <system-out><![CDATA[]]></system-out>
  <system-err><![CDATA[]]></system-err>
</testsuite>
