<?xml version="1.0" encoding="UTF-8"?>
<testsuite name="tran.billy.code.challenge.dao.TicketDAOTest" tests="1" skipped="0" failures="0" errors="0" timestamp="2021-09-04T13:59:31" hostname="Billys-Mac-mini" time="0.033">
  <properties/>
  <testcase name="testSearchTicketsByCriteria()" classname="tran.billy.code.challenge.dao.TicketDAOTest" time="0.033"/>
  <system-out><![CDATA[]]></system-out>
  <system-err><![CDATA[]]></system-err>
</testsuite>
