<?xml version="1.0" encoding="UTF-8"?>
<testsuite name="tran.billy.code.challenge.helper.StringHelperTest" tests="4" skipped="0" failures="0" errors="0" timestamp="2021-08-17T12:30:08" hostname="Billys-Mac-mini.local" time="0.055">
  <properties/>
  <testcase name="testPrintKeyValue()" classname="tran.billy.code.challenge.helper.StringHelperTest" time="0.014"/>
  <testcase name="testAddRightPadding()" classname="tran.billy.code.challenge.helper.StringHelperTest" time="0.009"/>
  <testcase name="printListAsStringTest()" classname="tran.billy.code.challenge.helper.StringHelperTest" time="0.007"/>
  <testcase name="testAddLeftPadding()" classname="tran.billy.code.challenge.helper.StringHelperTest" time="0.002"/>
  <system-out><![CDATA[]]></system-out>
  <system-err><![CDATA[]]></system-err>
</testsuite>
