<?xml version="1.0" encoding="UTF-8"?>
<testsuite name="tran.billy.code.challenge.helper.StringHelperTest" tests="4" skipped="0" failures="0" errors="0" timestamp="2021-08-19T09:02:56" hostname="Billys-Mac-mini.local" time="0.092">
  <properties/>
  <testcase name="testPrintKeyValue()" classname="tran.billy.code.challenge.helper.StringHelperTest" time="0.002"/>
  <testcase name="testAddRightPadding()" classname="tran.billy.code.challenge.helper.StringHelperTest" time="0.026"/>
  <testcase name="printListAsStringTest()" classname="tran.billy.code.challenge.helper.StringHelperTest" time="0.059"/>
  <testcase name="testAddLeftPadding()" classname="tran.billy.code.challenge.helper.StringHelperTest" time="0.003"/>
  <system-out><![CDATA[]]></system-out>
  <system-err><![CDATA[]]></system-err>
</testsuite>
