<?xml version="1.0" encoding="UTF-8"?>
<testsuite name="tran.billy.code.challenge.HelpdeskAppTest" tests="11" skipped="0" failures="0" errors="0" timestamp="2021-08-19T04:42:35" hostname="Billys-Mac-mini.local" time="1.917">
  <properties/>
  <testcase name="shouldPrintSearchMenu_GoBack_Exit()" classname="tran.billy.code.challenge.HelpdeskAppTest" time="1.777"/>
  <testcase name="shouldFailInitAppConfig_ClassLoadingFailed()" classname="tran.billy.code.challenge.HelpdeskAppTest" time="0.017"/>
  <testcase name="shouldPrintInvalidInput()" classname="tran.billy.code.challenge.HelpdeskAppTest" time="0.006"/>
  <testcase name="shouldPrintUsage()" classname="tran.billy.code.challenge.HelpdeskAppTest" time="0.004"/>
  <testcase name="shouldCallSearchUsers_WithInput_GoBack_Exit()" classname="tran.billy.code.challenge.HelpdeskAppTest" time="0.048"/>
  <testcase name="shouldCallSearchOrganizations_WithInput_GoBack_Exit()" classname="tran.billy.code.challenge.HelpdeskAppTest" time="0.005"/>
  <testcase name="shouldFailInitAppConfig_InvalidConfigFile()" classname="tran.billy.code.challenge.HelpdeskAppTest" time="0.003"/>
  <testcase name="shouldPrintSearchMenu_InvalidInput_GoBack_Exit()" classname="tran.billy.code.challenge.HelpdeskAppTest" time="0.005"/>
  <testcase name="shouldCallSearchTickets_WithInput_GoBack_Exit()" classname="tran.billy.code.challenge.HelpdeskAppTest" time="0.006"/>
  <testcase name="shouldPrintHelp()" classname="tran.billy.code.challenge.HelpdeskAppTest" time="0.007"/>
  <testcase name="shouldPrintWelcomeThenExit()" classname="tran.billy.code.challenge.HelpdeskAppTest" time="0.004"/>
  <system-out><![CDATA[]]></system-out>
  <system-err><![CDATA[]]></system-err>
</testsuite>
