<?xml version="1.0" encoding="UTF-8"?>
<testsuite name="tran.billy.code.challenge.services.HelpdeskServiceTest" tests="10" skipped="0" failures="0" errors="0" timestamp="2021-08-18T12:36:36" hostname="Billys-Mac-mini" time="1.667">
  <properties/>
  <testcase name="testSearchTicketWithSuccess()" classname="tran.billy.code.challenge.services.HelpdeskServiceTest" time="1.004"/>
  <testcase name="testSearchOrganizationsWillReturnOrgHavingNoTicket()" classname="tran.billy.code.challenge.services.HelpdeskServiceTest" time="0.102"/>
  <testcase name="testSearchOrganizationsWillReturnEmptyResult()" classname="tran.billy.code.challenge.services.HelpdeskServiceTest" time="0.058"/>
  <testcase name="testSearchUserHavingNoOrganization()" classname="tran.billy.code.challenge.services.HelpdeskServiceTest" time="0.069"/>
  <testcase name="testSearchUserHavingNoTicket()" classname="tran.billy.code.challenge.services.HelpdeskServiceTest" time="0.094"/>
  <testcase name="testSearchOrganizationsWillReturnSuccess()" classname="tran.billy.code.challenge.services.HelpdeskServiceTest" time="0.06"/>
  <testcase name="testSearchOrganizationsWillReturnOrgHavingNoUser()" classname="tran.billy.code.challenge.services.HelpdeskServiceTest" time="0.058"/>
  <testcase name="testSearchTicketHavingNoUser()" classname="tran.billy.code.challenge.services.HelpdeskServiceTest" time="0.035"/>
  <testcase name="testSearchTicketHavingNoOrg()" classname="tran.billy.code.challenge.services.HelpdeskServiceTest" time="0.042"/>
  <testcase name="testSearchUserWithSuccess()" classname="tran.billy.code.challenge.services.HelpdeskServiceTest" time="0.052"/>
  <system-out><![CDATA[_id                                               1000001
url                                               null
external_id                                       null
created_at                                        null
type                                              null
subject                                           Ticket 1
description                                       null
priority                                          null
status                                            null
submitter_id                                      10001
assignee_id                                       20001
organization_id                                   1001
tags                                              null
has_incidents                                     false
due_at                                            null
via                                               null
organization_name                                 Org 1
submitter_name                                    User 1
assignee_name                                     User 1

_id                                               1000002
url                                               null
external_id                                       null
created_at                                        null
type                                              null
subject                                           Ticket 2
description                                       null
priority                                          null
status                                            null
submitter_id                                      10002
assignee_id                                       20002
organization_id                                   1002
tags                                              null
has_incidents                                     false
due_at                                            null
via                                               null
organization_name                                 Org 1
submitter_name                                    User 1
assignee_name                                     User 1

_id                                               1000003
url                                               null
external_id                                       null
created_at                                        null
type                                              null
subject                                           Ticket 3
description                                       null
priority                                          null
status                                            null
submitter_id                                      10003
assignee_id                                       20003
organization_id                                   1003
tags                                              null
has_incidents                                     false
due_at                                            null
via                                               null
organization_name                                 Org 1
submitter_name                                    User 1
assignee_name                                     User 1

_id                                               1001
url                                               null
external_id                                       null
name                                              Org 1
domain_names                                      null
created_at                                        null
details                                           null
shared_tickets                                    false
tags                                              null
user_0                                            User 1
user_1                                            User 2


_id                                               1002
url                                               null
external_id                                       null
name                                              Org 2
domain_names                                      null
created_at                                        null
details                                           null
shared_tickets                                    false
tags                                              null
user_0                                            User 1
user_1                                            User 2


No search result
_id                                               10001
url                                               null
name                                              User 1
alias                                             null
created_at                                        null
active                                            false
verified                                          false
shared                                            false
locale                                            null
timezone                                          null
lastLoginAt                                       null
email                                             null
phone                                             null
signature                                         null
organization_id                                   1001
tags                                              null
suspended                                         false
role                                              null
organization_name                                 null
ticket0                                           Ticket 1
ticket1                                           Ticket 2
ticket2                                           Ticket 3


_id                                               10001
url                                               null
name                                              User 1
alias                                             null
created_at                                        null
active                                            false
verified                                          false
shared                                            false
locale                                            null
timezone                                          null
lastLoginAt                                       null
email                                             null
phone                                             null
signature                                         null
organization_id                                   1001
tags                                              null
suspended                                         false
role                                              null
organization_name                                 Org 1


_id                                               10002
url                                               null
name                                              User 2
alias                                             null
created_at                                        null
active                                            false
verified                                          false
shared                                            false
locale                                            null
timezone                                          null
lastLoginAt                                       null
email                                             null
phone                                             null
signature                                         null
organization_id                                   1002
tags                                              null
suspended                                         false
role                                              null
organization_name                                 Org 1


_id                                               1001
url                                               null
external_id                                       null
name                                              Org 1
domain_names                                      null
created_at                                        null
details                                           null
shared_tickets                                    false
tags                                              null
ticket_0                                          Ticket 1
ticket_1                                          Ticket 2
ticket_2                                          Ticket 3
user_0                                            User 1
user_1                                            User 2


_id                                               1002
url                                               null
external_id                                       null
name                                              Org 2
domain_names                                      null
created_at                                        null
details                                           null
shared_tickets                                    false
tags                                              null
ticket_0                                          Ticket 1
ticket_1                                          Ticket 2
ticket_2                                          Ticket 3
user_0                                            User 1
user_1                                            User 2


_id                                               1001
url                                               null
external_id                                       null
name                                              Org 1
domain_names                                      null
created_at                                        null
details                                           null
shared_tickets                                    false
tags                                              null
ticket_0                                          Ticket 1
ticket_1                                          Ticket 2
ticket_2                                          Ticket 3


_id                                               1002
url                                               null
external_id                                       null
name                                              Org 2
domain_names                                      null
created_at                                        null
details                                           null
shared_tickets                                    false
tags                                              null
ticket_0                                          Ticket 1
ticket_1                                          Ticket 2
ticket_2                                          Ticket 3


_id                                               1000001
url                                               null
external_id                                       null
created_at                                        null
type                                              null
subject                                           Ticket 1
description                                       null
priority                                          null
status                                            null
submitter_id                                      10001
assignee_id                                       20001
organization_id                                   1001
tags                                              null
has_incidents                                     false
due_at                                            null
via                                               null
organization_name                                 Org 1
submitter_name                                    null
assignee_name                                     null

_id                                               1000001
url                                               null
external_id                                       null
created_at                                        null
type                                              null
subject                                           Ticket 1
description                                       null
priority                                          null
status                                            null
submitter_id                                      10001
assignee_id                                       20001
organization_id                                   1001
tags                                              null
has_incidents                                     false
due_at                                            null
via                                               null
organization_name                                 null
submitter_name                                    User 1
assignee_name                                     User 1

_id                                               10001
url                                               null
name                                              User 1
alias                                             null
created_at                                        null
active                                            false
verified                                          false
shared                                            false
locale                                            null
timezone                                          null
lastLoginAt                                       null
email                                             null
phone                                             null
signature                                         null
organization_id                                   1001
tags                                              null
suspended                                         false
role                                              null
organization_name                                 Org 1
ticket0                                           Ticket 1
ticket1                                           Ticket 2
ticket2                                           Ticket 3


_id                                               10002
url                                               null
name                                              User 2
alias                                             null
created_at                                        null
active                                            false
verified                                          false
shared                                            false
locale                                            null
timezone                                          null
lastLoginAt                                       null
email                                             null
phone                                             null
signature                                         null
organization_id                                   1002
tags                                              null
suspended                                         false
role                                              null
organization_name                                 Org 1
ticket0                                           Ticket 1
ticket1                                           Ticket 2
ticket2                                           Ticket 3


]]></system-out>
  <system-err><![CDATA[]]></system-err>
</testsuite>
