<?xml version="1.0" encoding="UTF-8"?>
<testsuite name="tran.billy.code.challenge.helper.JsonHelperTest" tests="4" skipped="0" failures="0" errors="0" timestamp="2021-08-17T12:30:08" hostname="Billys-Mac-mini.local" time="0.296">
  <properties/>
  <testcase name="testInvalidFile()" classname="tran.billy.code.challenge.helper.JsonHelperTest" time="0.096"/>
  <testcase name="testReadUserFile()" classname="tran.billy.code.challenge.helper.JsonHelperTest" time="0.042"/>
  <testcase name="testReadOrganizationFile()" classname="tran.billy.code.challenge.helper.JsonHelperTest" time="0.054"/>
  <testcase name="testReadTicketFile()" classname="tran.billy.code.challenge.helper.JsonHelperTest" time="0.086"/>
  <system-out><![CDATA[]]></system-out>
  <system-err><![CDATA[]]></system-err>
</testsuite>
