<?xml version="1.0" encoding="UTF-8"?>
<testsuite name="tran.billy.code.challenge.services.HelpdeskServiceTest" tests="10" skipped="0" failures="0" errors="0" timestamp="2021-08-19T12:24:59" hostname="Billys-Mac-mini.local" time="0.704">
  <properties/>
  <testcase name="testSearchTicketWithSuccess()" classname="tran.billy.code.challenge.services.HelpdeskServiceTest" time="0.286"/>
  <testcase name="testSearchOrganizationsWillReturnOrgHavingNoTicket()" classname="tran.billy.code.challenge.services.HelpdeskServiceTest" time="0.091"/>
  <testcase name="testSearchOrganizationsWillReturnEmptyResult()" classname="tran.billy.code.challenge.services.HelpdeskServiceTest" time="0.014"/>
  <testcase name="testSearchUserHavingNoOrganization()" classname="tran.billy.code.challenge.services.HelpdeskServiceTest" time="0.038"/>
  <testcase name="testSearchUserHavingNoTicket()" classname="tran.billy.code.challenge.services.HelpdeskServiceTest" time="0.032"/>
  <testcase name="testSearchOrganizationsWillReturnSuccess()" classname="tran.billy.code.challenge.services.HelpdeskServiceTest" time="0.046"/>
  <testcase name="testSearchOrganizationsWillReturnOrgHavingNoUser()" classname="tran.billy.code.challenge.services.HelpdeskServiceTest" time="0.03"/>
  <testcase name="testSearchTicketHavingNoUser()" classname="tran.billy.code.challenge.services.HelpdeskServiceTest" time="0.016"/>
  <testcase name="testSearchTicketHavingNoOrg()" classname="tran.billy.code.challenge.services.HelpdeskServiceTest" time="0.094"/>
  <testcase name="testSearchUserWithSuccess()" classname="tran.billy.code.challenge.services.HelpdeskServiceTest" time="0.029"/>
  <system-out><![CDATA[_id                                               1000001
url                                               null
external_id                                       null
created_at                                        null
type                                              null
subject                                           Ticket 1
description                                       null
priority                                          null
status                                            null
submitter_id                                      10001
assignee_id                                       20001
organization_id                                   1001
tags                                              null
has_incidents                                     false
due_at                                            null
via                                               null
organization_name                                 Org 1
submitter_name                                    User 1
assignee_name                                     User 1

Press enter/return to continue
_id                                               1001
url                                               null
external_id                                       null
name                                              Org 1
domain_names                                      null
created_at                                        null
details                                           null
shared_tickets                                    false
tags                                              null
user_0                                            User 1


Press enter/return to continue
No search result
_id                                               10001
url                                               null
name                                              User 1
alias                                             null
created_at                                        null
active                                            false
verified                                          false
shared                                            false
locale                                            null
timezone                                          null
lastLoginAt                                       null
email                                             null
phone                                             null
signature                                         null
organization_id                                   1001
tags                                              null
suspended                                         false
role                                              null
organization_name                                 null
ticket0                                           Ticket 1


Press enter/return to continue
_id                                               10001
url                                               null
name                                              User 1
alias                                             null
created_at                                        null
active                                            false
verified                                          false
shared                                            false
locale                                            null
timezone                                          null
lastLoginAt                                       null
email                                             null
phone                                             null
signature                                         null
organization_id                                   1001
tags                                              null
suspended                                         false
role                                              null
organization_name                                 Org 1


Press enter/return to continue
_id                                               1001
url                                               null
external_id                                       null
name                                              Org 1
domain_names                                      null
created_at                                        null
details                                           null
shared_tickets                                    false
tags                                              null
ticket_0                                          Ticket 1
user_0                                            User 1


Press enter/return to continue
_id                                               1001
url                                               null
external_id                                       null
name                                              Org 1
domain_names                                      null
created_at                                        null
details                                           null
shared_tickets                                    false
tags                                              null
ticket_0                                          Ticket 1


Press enter/return to continue
_id                                               1000001
url                                               null
external_id                                       null
created_at                                        null
type                                              null
subject                                           Ticket 1
description                                       null
priority                                          null
status                                            null
submitter_id                                      10001
assignee_id                                       20001
organization_id                                   1001
tags                                              null
has_incidents                                     false
due_at                                            null
via                                               null
organization_name                                 Org 1
submitter_name                                    null
assignee_name                                     null

Press enter/return to continue
_id                                               1000001
url                                               null
external_id                                       null
created_at                                        null
type                                              null
subject                                           Ticket 1
description                                       null
priority                                          null
status                                            null
submitter_id                                      10001
assignee_id                                       20001
organization_id                                   1001
tags                                              null
has_incidents                                     false
due_at                                            null
via                                               null
organization_name                                 null
submitter_name                                    User 1
assignee_name                                     User 1

Press enter/return to continue
_id                                               10001
url                                               null
name                                              User 1
alias                                             null
created_at                                        null
active                                            false
verified                                          false
shared                                            false
locale                                            null
timezone                                          null
lastLoginAt                                       null
email                                             null
phone                                             null
signature                                         null
organization_id                                   1001
tags                                              null
suspended                                         false
role                                              null
organization_name                                 Org 1
ticket0                                           Ticket 1


Press enter/return to continue
]]></system-out>
  <system-err><![CDATA[]]></system-err>
</testsuite>
